\BOOKMARK [0][-]{chapter.1}{\376\377\000M\000\344\000n\000g\000d\000e\000r\000\040\000o\000c\000h\000\040\000d\000e\000l\000m\000\344\000n\000g\000d\000e\000r}{}% 1
\BOOKMARK [0][-]{chapter.2}{\376\377\000I\000n\000t\000e\000r\000v\000a\000l\000l}{}% 2
\BOOKMARK [0][-]{chapter.3}{\376\377\000K\000o\000m\000p\000l\000e\000x\000a\000\040\000t\000a\000l}{}% 3
\BOOKMARK [0][-]{chapter.4}{\376\377\000F\000u\000n\000k\000t\000i\000o\000n\000e\000r}{}% 4
\BOOKMARK [1][-]{section.4.1}{\376\377\000F\000u\000n\000k\000t\000i\000o\000n\000e\000r\000\040\000o\000c\000h\000\040\000f\000u\000n\000k\000t\000i\000o\000n\000s\000g\000r\000a\000f\000e\000r}{chapter.4}% 5
\BOOKMARK [1][-]{section.4.2}{\376\377\000K\000o\000m\000p\000o\000s\000i\000t\000i\000o\000n\000e\000r}{chapter.4}% 6
\BOOKMARK [0][-]{chapter.5}{\376\377\000P\000o\000l\000y\000n\000o\000m\000\040\000o\000c\000h\000\040\000r\000a\000t\000i\000o\000n\000e\000l\000l\000a\000\040\000f\000u\000n\000k\000t\000i\000o\000n\000e\000r}{}% 7
\BOOKMARK [1][-]{section.5.1}{\376\377\000P\000o\000l\000y\000n\000o\000m\000d\000i\000v\000i\000s\000i\000o\000n}{chapter.5}% 8
\BOOKMARK [0][-]{chapter.6}{\376\377\000G\000r\000u\000n\000d\000l\000\344\000g\000g\000a\000n\000d\000e\000\040\000t\000r\000i\000g\000o\000n\000o\000m\000e\000t\000r\000i}{}% 9
\BOOKMARK [0][-]{chapter.7}{\376\377\000T\000a\000l\000f\000\366\000l\000j\000d\000e\000r\000\040\000o\000c\000h\000\040\000g\000r\000\344\000n\000s\000v\000\344\000r\000d\000e\000n}{}% 10
\BOOKMARK [1][-]{section.7.1}{\376\377\000K\000o\000n\000t\000i\000n\000u\000i\000t\000e\000t}{chapter.7}% 11
\BOOKMARK [0][-]{chapter.8}{\376\377\000D\000e\000r\000i\000v\000a\000t\000a\000n}{}% 12
\BOOKMARK [1][-]{section.8.1}{\376\377\000R\000\344\000k\000n\000e\000r\000e\000g\000l\000e\000r\000\040\000o\000c\000h\000\040\000s\000t\000a\000n\000d\000a\000r\000d\000\040\000d\000e\000r\000i\000v\000a\000t\000o\000r}{chapter.8}% 13
\BOOKMARK [1][-]{section.8.2}{\376\377\000I\000m\000p\000l\000i\000c\000i\000t\000\040\000d\000e\000r\000i\000v\000e\000r\000i\000n\000g}{chapter.8}% 14
\BOOKMARK [0][-]{chapter.9}{\376\377\000P\000r\000i\000m\000i\000t\000i\000v\000a\000\040\000f\000u\000n\000k\000t\000i\000o\000n\000e\000r\000\040\000o\000c\000h\000\040\000i\000n\000d\000e\000f\000i\000n\000i\000t\000a\000\040\000i\000n\000t\000e\000g\000r\000a\000l\000e\000r}{}% 15
\BOOKMARK [0][-]{chapter.10}{\376\377\000L\000'\000H\000\364\000p\000i\000t\000a\000l\000\040\000r\000e\000g\000l\000e\000r}{}% 16
\BOOKMARK [0][-]{chapter.11}{\376\377\000S\000t\000a\000n\000d\000a\000r\000d\000g\000r\000\344\000n\000s\000v\000\344\000r\000d\000e\000n}{}% 17
\BOOKMARK [0][-]{chapter.12}{\376\377\000F\000u\000n\000k\000t\000i\000o\000n\000e\000r}{}% 18
\BOOKMARK [1][-]{section.12.1}{\376\377\000E\000x\000p\000o\000n\000e\000n\000t\000i\000a\000l\000f\000u\000n\000k\000t\000i\000o\000n\000e\000r}{chapter.12}% 19
\BOOKMARK [1][-]{section.12.2}{\376\377\000I\000n\000v\000e\000r\000s\000a\000\040\000t\000r\000i\000g\000o\000n\000o\000m\000e\000t\000r\000i\000s\000k\000a\000\040\000f\000u\000n\000k\000t\000i\000o\000n\000e\000r}{chapter.12}% 20
\BOOKMARK [1][-]{section.12.3}{\376\377\000D\000e\000\040\000h\000y\000p\000e\000r\000b\000o\000l\000i\000s\000k\000a\000\040\000f\000u\000n\000k\000t\000i\000o\000n\000e\000r\000n\000a}{chapter.12}% 21
\BOOKMARK [0][-]{chapter.13}{\376\377\000N\000u\000m\000e\000r\000i\000s\000k\000\040\000e\000k\000v\000a\000t\000i\000o\000n\000s\000l\000\366\000s\000n\000i\000n\000g}{}% 22
\BOOKMARK [0][-]{chapter.14}{\376\377\000E\000x\000t\000r\000e\000m\000v\000\344\000r\000d\000e\000n}{}% 23
\BOOKMARK [0][-]{chapter.15}{\376\377\000L\000i\000n\000j\000\344\000r\000\040\000a\000p\000p\000r\000o\000x\000i\000m\000a\000t\000i\000o\000n\000\040\000o\000c\000h\000\040\000T\000a\000y\000l\000o\000r\000u\000t\000v\000e\000c\000k\000l\000i\000n\000g}{}% 24
\BOOKMARK [0][-]{chapter.16}{\376\377\000S\000u\000m\000m\000a\000t\000i\000o\000n\000s\000n\000o\000t\000a\000t\000i\000o\000n}{}% 25
