This is pdfTeX, Version 3.141592653-2.6-1.40.23 (TeX Live 2021/W32TeX) (preloaded format=pdflatex 2022.1.27)  17 MAR 2022 16:28
entering extended mode
 restricted \write18 enabled.
 file:line:error style messages enabled.
 %&-line parsing enabled.
**"c:/Users/Max Hagman/Documents/Notes/TMV206/TMV206.tex"
(c:/Users/Max Hagman/Documents/Notes/TMV206/TMV206.tex
LaTeX2e <2021-11-15> patch level 1
L3 programming layer <2022-01-21> (c:/texlive/2021/texmf-dist/tex/latex/base/report.cls
Document Class: report 2021/10/04 v1.4n Standard LaTeX document class
(c:/texlive/2021/texmf-dist/tex/latex/base/size10.clo
File: size10.clo 2021/10/04 v1.4n Standard LaTeX file (size option)
)
\c@part=\count185
\c@chapter=\count186
\c@section=\count187
\c@subsection=\count188
\c@subsubsection=\count189
\c@paragraph=\count190
\c@subparagraph=\count191
\c@figure=\count192
\c@table=\count193
\abovecaptionskip=\skip47
\belowcaptionskip=\skip48
\bibindent=\dimen138
) (c:/texlive/2021/texmf-dist/tex/latex/amsmath/amsmath.sty
Package: amsmath 2021/10/15 v2.17l AMS math features
\@mathmargin=\skip49

For additional information on amsmath, use the `?' option.
(c:/texlive/2021/texmf-dist/tex/latex/amsmath/amstext.sty
Package: amstext 2021/08/26 v2.01 AMS text
 (c:/texlive/2021/texmf-dist/tex/latex/amsmath/amsgen.sty
File: amsgen.sty 1999/11/30 v2.0 generic functions
\@emptytoks=\toks16
\ex@=\dimen139
)) (c:/texlive/2021/texmf-dist/tex/latex/amsmath/amsbsy.sty
Package: amsbsy 1999/11/29 v1.2d Bold Symbols
\pmbraise@=\dimen140
) (c:/texlive/2021/texmf-dist/tex/latex/amsmath/amsopn.sty
Package: amsopn 2021/08/26 v2.02 operator names
)
\inf@bad=\count194
LaTeX Info: Redefining \frac on input line 234.
\uproot@=\count195
\leftroot@=\count196
LaTeX Info: Redefining \overline on input line 399.
\classnum@=\count197
\DOTSCASE@=\count198
LaTeX Info: Redefining \ldots on input line 496.
LaTeX Info: Redefining \dots on input line 499.
LaTeX Info: Redefining \cdots on input line 620.
\Mathstrutbox@=\box50
\strutbox@=\box51
\big@size=\dimen141
LaTeX Font Info:    Redeclaring font encoding OML on input line 743.
LaTeX Font Info:    Redeclaring font encoding OMS on input line 744.
\macc@depth=\count199
\c@MaxMatrixCols=\count266
\dotsspace@=\muskip16
\c@parentequation=\count267
\dspbrk@lvl=\count268
\tag@help=\toks17
\row@=\count269
\column@=\count270
\maxfields@=\count271
\andhelp@=\toks18
\eqnshift@=\dimen142
\alignsep@=\dimen143
\tagshift@=\dimen144
\tagwidth@=\dimen145
\totwidth@=\dimen146
\lineht@=\dimen147
\@envbody=\toks19
\multlinegap=\skip50
\multlinetaggap=\skip51
\mathdisplay@stack=\toks20
LaTeX Info: Redefining \[ on input line 2938.
LaTeX Info: Redefining \] on input line 2939.
) (c:/texlive/2021/texmf-dist/tex/latex/amsfonts/amsfonts.sty
Package: amsfonts 2013/01/14 v3.01 Basic AMSFonts support
\symAMSa=\mathgroup4
\symAMSb=\mathgroup5
LaTeX Font Info:    Redeclaring math symbol \hbar on input line 98.
LaTeX Font Info:    Overwriting math alphabet `\mathfrak' in version `bold'
(Font)                  U/euf/m/n --> U/euf/b/n on input line 106.
) (c:/texlive/2021/texmf-dist/tex/latex/tools/bm.sty
Package: bm 2021/04/25 v1.2e Bold Symbol Support (DPC/FMi)
\symboldoperators=\mathgroup6
\symboldletters=\mathgroup7
\symboldsymbols=\mathgroup8
Package bm Info: No bold for \OMX/cmex/m/n, using \pmb.
Package bm Info: No bold for \U/msa/m/n, using \pmb.
Package bm Info: No bold for \U/msb/m/n, using \pmb.
LaTeX Font Info:    Redeclaring math alphabet \mathbf on input line 149.
) (c:/texlive/2021/texmf-dist/tex/latex/mnsymbol/MnSymbol.sty
Package: MnSymbol 2007/01/21 v1.4 support for the MnSymbol font
 (c:/texlive/2021/texmf-dist/tex/latex/base/textcomp.sty
Package: textcomp 2020/02/02 v2.0n Standard LaTeX package
)
LaTeX Info: Redefining \dagger on input line 84.
LaTeX Info: Redefining \ddagger on input line 84.
LaTeX Info: Redefining \mathparagraph on input line 84.
LaTeX Info: Redefining \mathsection on input line 84.
LaTeX Info: Redefining \mathdollar on input line 84.
LaTeX Info: Redefining \mathsterling on input line 84.
LaTeX Info: Redefining \yen on input line 84.
LaTeX Info: Redefining \circledR on input line 84.
LaTeX Info: Redefining \Re on input line 84.
LaTeX Info: Redefining \Im on input line 84.
\symMnSyA=\mathgroup9
\symMnSyB=\mathgroup10
\symMnSyC=\mathgroup11
\symMnSyD=\mathgroup12
LaTeX Font Info:    Redeclaring symbol font `largesymbols' on input line 119.
LaTeX Font Info:    Overwriting symbol font `largesymbols' in version `normal'
(Font)                  OMX/cmex/m/n --> OMX/MnSymbolE/m/n on input line 119.
LaTeX Font Info:    Overwriting symbol font `largesymbols' in version `bold'
(Font)                  OMX/cmex/m/n --> OMX/MnSymbolE/m/n on input line 119.
LaTeX Font Info:    Redeclaring symbol font `symbols' on input line 120.
LaTeX Font Info:    Encoding `OMS' has changed to `U' for symbol font
(Font)              `symbols' in the math version `normal' on input line 120.
LaTeX Font Info:    Overwriting symbol font `symbols' in version `normal'
(Font)                  OMS/cmsy/m/n --> U/MnSymbolF/m/n on input line 120.
LaTeX Font Info:    Encoding `OMS' has changed to `U' for symbol font
(Font)              `symbols' in the math version `bold' on input line 120.
LaTeX Font Info:    Overwriting symbol font `symbols' in version `bold'
(Font)                  OMS/cmsy/b/n --> U/MnSymbolF/m/n on input line 120.
LaTeX Font Info:    Overwriting symbol font `MnSyA' in version `bold'
(Font)                  U/MnSymbolA/m/n --> U/MnSymbolA/b/n on input line 121.
LaTeX Font Info:    Overwriting symbol font `MnSyB' in version `bold'
(Font)                  U/MnSymbolB/m/n --> U/MnSymbolB/b/n on input line 122.
LaTeX Font Info:    Overwriting symbol font `MnSyC' in version `bold'
(Font)                  U/MnSymbolC/m/n --> U/MnSymbolC/b/n on input line 123.
LaTeX Font Info:    Overwriting symbol font `MnSyD' in version `bold'
(Font)                  U/MnSymbolD/m/n --> U/MnSymbolD/b/n on input line 124.
LaTeX Font Info:    Overwriting symbol font `largesymbols' in version `bold'
(Font)                  OMX/MnSymbolE/m/n --> OMX/MnSymbolE/b/n on input line 125.
LaTeX Font Info:    Overwriting symbol font `symbols' in version `bold'
(Font)                  U/MnSymbolF/m/n --> U/MnSymbolF/b/n on input line 126.
LaTeX Font Info:    Redeclaring math alphabet \mathcal on input line 241.
LaTeX Font Info:    Overwriting math alphabet `\mathcal' in version `bold'
(Font)                  OMS/MnSymbolS/m/n --> OMS/MnSymbolS/b/n on input line 241.
LaTeX Info: Redefining \longrightarrow on input line 548.
LaTeX Info: Redefining \longleftarrow on input line 549.
LaTeX Info: Redefining \longleftrightarrow on input line 550.
LaTeX Info: Redefining \Longrightarrow on input line 551.
LaTeX Info: Redefining \Longleftarrow on input line 552.
LaTeX Info: Redefining \Longleftrightarrow on input line 553.
LaTeX Info: Redefining \longmapsto on input line 554.
LaTeX Info: Redefining \vdots on input line 868.
LaTeX Font Info:    Redeclaring math symbol \braceld on input line 1721.
LaTeX Font Info:    Redeclaring math symbol \bracelu on input line 1722.
LaTeX Font Info:    Redeclaring math symbol \bracerd on input line 1723.
LaTeX Font Info:    Redeclaring math symbol \braceru on input line 1724.
LaTeX Info: Redefining \downbracefill on input line 1799.
LaTeX Info: Redefining \upbracefill on input line 1800.
LaTeX Info: Redefining \overbrace on input line 1819.
LaTeX Info: Redefining \underbrace on input line 1820.
LaTeX Info: Redefining \surd on input line 1843.
LaTeX Font Info:    Redeclaring math accent \widehat on input line 1845.
LaTeX Font Info:    Redeclaring math accent \widetilde on input line 1846.
LaTeX Font Info:    Redeclaring math accent \vec on input line 1848.
) (c:/texlive/2021/texmf-dist/tex/latex/graphics/graphicx.sty
Package: graphicx 2021/09/16 v1.2d Enhanced LaTeX Graphics (DPC,SPQR)
 (c:/texlive/2021/texmf-dist/tex/latex/graphics/keyval.sty
Package: keyval 2014/10/28 v1.15 key=value parser (DPC)
\KV@toks@=\toks21
) (c:/texlive/2021/texmf-dist/tex/latex/graphics/graphics.sty
Package: graphics 2021/03/04 v1.4d Standard LaTeX Graphics (DPC,SPQR)
 (c:/texlive/2021/texmf-dist/tex/latex/graphics/trig.sty
Package: trig 2021/08/11 v1.11 sin cos tan (DPC)
) (c:/texlive/2021/texmf-dist/tex/latex/graphics-cfg/graphics.cfg
File: graphics.cfg 2016/06/04 v1.11 sample graphics configuration
)
Package graphics Info: Driver file: pdftex.def on input line 107.
 (c:/texlive/2021/texmf-dist/tex/latex/graphics-def/pdftex.def
File: pdftex.def 2020/10/05 v1.2a Graphics/color driver for pdftex
))
\Gin@req@height=\dimen148
\Gin@req@width=\dimen149
) (c:/texlive/2021/texmf-dist/tex/latex/wrapfig/wrapfig.sty
\wrapoverhang=\dimen150
\WF@size=\dimen151
\c@WF@wrappedlines=\count272
\WF@box=\box52
\WF@everypar=\toks22
Package: wrapfig 2003/01/31  v 3.6
) (c:/texlive/2021/texmf-dist/tex/latex/enumitem/enumitem.sty
Package: enumitem 2019/06/20 v3.9 Customized lists
\labelindent=\skip52
\enit@outerparindent=\dimen152
\enit@toks=\toks23
\enit@inbox=\box53
\enit@count@id=\count273
\enitdp@description=\count274
) (c:/texlive/2021/texmf-dist/tex/latex/comment/comment.sty
\CommentStream=\write3
 Excluding comment 'comment') (c:/texlive/2021/texmf-dist/tex/latex/import/import.sty
Package: import 2020/04/01  v 6.2
) (c:/texlive/2021/texmf-dist/tex/latex/l3backend/l3backend-pdftex.def
File: l3backend-pdftex.def 2022-01-12 L3 backend support: PDF output (pdfTeX)
\l__color_backend_stack_int=\count275
\l__pdf_internal_box=\box54
) (./TMV206.aux)
\openout1 = `TMV206.aux'.

LaTeX Font Info:    Checking defaults for OML/cmm/m/it on input line 13.
LaTeX Font Info:    ... okay on input line 13.
LaTeX Font Info:    Checking defaults for OMS/cmsy/m/n on input line 13.
LaTeX Font Info:    ... okay on input line 13.
LaTeX Font Info:    Checking defaults for OT1/cmr/m/n on input line 13.
LaTeX Font Info:    ... okay on input line 13.
LaTeX Font Info:    Checking defaults for T1/cmr/m/n on input line 13.
LaTeX Font Info:    ... okay on input line 13.
LaTeX Font Info:    Checking defaults for TS1/cmr/m/n on input line 13.
LaTeX Font Info:    ... okay on input line 13.
LaTeX Font Info:    Checking defaults for OMX/cmex/m/n on input line 13.
LaTeX Font Info:    ... okay on input line 13.
LaTeX Font Info:    Checking defaults for U/cmr/m/n on input line 13.
LaTeX Font Info:    ... okay on input line 13.
 (c:/texlive/2021/texmf-dist/tex/context/base/mkii/supp-pdf.mkii
[Loading MPS to PDF converter (version 2006.09.02).]
\scratchcounter=\count276
\scratchdimen=\dimen153
\scratchbox=\box55
\nofMPsegments=\count277
\nofMParguments=\count278
\everyMPshowfont=\toks24
\MPscratchCnt=\count279
\MPscratchDim=\dimen154
\MPnumerator=\count280
\makeMPintoPDFobject=\count281
\everyMPtoPDFconversion=\toks25
) (c:/texlive/2021/texmf-dist/tex/latex/epstopdf-pkg/epstopdf-base.sty
Package: epstopdf-base 2020-01-24 v2.11 Base part for package epstopdf
Package epstopdf-base Info: Redefining graphics rule for `.eps' on input line 485.
 (c:/texlive/2021/texmf-dist/tex/latex/latexconfig/epstopdf-sys.cfg
File: epstopdf-sys.cfg 2010/07/13 v1.3 Configuration of (r)epstopdf for TeX Live
))
LaTeX Font Info:    Trying to load font information for U+msa on input line 16.
 (c:/texlive/2021/texmf-dist/tex/latex/amsfonts/umsa.fd
File: umsa.fd 2013/01/14 v3.01 AMS symbols A
)
LaTeX Font Info:    Trying to load font information for U+msb on input line 16.
 (c:/texlive/2021/texmf-dist/tex/latex/amsfonts/umsb.fd
File: umsb.fd 2013/01/14 v3.01 AMS symbols B
) [1

{c:/texlive/2021/texmf-var/fonts/map/pdftex/updmap/pdftex.map}] (./TMV206.toc [1

])
\tf@toc=\write4
\openout4 = `TMV206.toc'.

 (./lessons/lesson01/lesson01.tex [2]
Chapter 1.
[3

]
<lessons/lesson01//imgs/22-01-17-img01.jpg, id=26, 642.90187pt x 534.49687pt>
File: lessons/lesson01//imgs/22-01-17-img01.jpg Graphic file (type jpg)
<use lessons/lesson01//imgs/22-01-17-img01.jpg>
Package pdftex.def Info: lessons/lesson01//imgs/22-01-17-img01.jpg  used on input line 50.
(pdftex.def)             Requested size: 160.72507pt x 133.62389pt.
) (./lessons/lesson02/lesson02.tex [4

 <./lessons/lesson01//imgs/22-01-17-img01.jpg>]
LaTeX Font Info:    Trying to load font information for OMS+cmr on input line 15.
 (c:/texlive/2021/texmf-dist/tex/latex/base/omscmr.fd
File: omscmr.fd 2019/12/16 v2.5j Standard LaTeX font definitions
)
LaTeX Font Info:    Font shape `OMS/cmr/m/n' in size <10> not available
(Font)              Font shape `OMS/cmsy/m/n' tried instead on input line 15.
<lessons/lesson02//imgs/22-01-20-img01.jpg, id=35, 1768.35657pt x 693.34032pt>
File: lessons/lesson02//imgs/22-01-20-img01.jpg Graphic file (type jpg)
<use lessons/lesson02//imgs/22-01-20-img01.jpg>
Package pdftex.def Info: lessons/lesson02//imgs/22-01-20-img01.jpg  used on input line 17.
(pdftex.def)             Requested size: 229.89442pt x 90.1374pt.
<lessons/lesson02//imgs/22-01-20-img02.jpg, id=36, 1555.31062pt x 590.205pt>
File: lessons/lesson02//imgs/22-01-20-img02.jpg Graphic file (type jpg)
<use lessons/lesson02//imgs/22-01-20-img02.jpg>
Package pdftex.def Info: lessons/lesson02//imgs/22-01-20-img02.jpg  used on input line 22.
(pdftex.def)             Requested size: 233.28653pt x 88.52692pt.
 [5 <./lessons/lesson02//imgs/22-01-20-img01.jpg> <./lessons/lesson02//imgs/22-01-20-img02.jpg>]
<lessons/lesson02//imgs/22-01-20-img03.jpg, id=42, 1668.9853pt x 513.41812pt>
File: lessons/lesson02//imgs/22-01-20-img03.jpg Graphic file (type jpg)
<use lessons/lesson02//imgs/22-01-20-img03.jpg>
Package pdftex.def Info: lessons/lesson02//imgs/22-01-20-img03.jpg  used on input line 45.
(pdftex.def)             Requested size: 250.33699pt x 77.00938pt.
<lessons/lesson02//imgs/22-01-20-img04.jpg, id=43, 1649.41219pt x 755.07094pt>
File: lessons/lesson02//imgs/22-01-20-img04.jpg Graphic file (type jpg)
<use lessons/lesson02//imgs/22-01-20-img04.jpg>
Package pdftex.def Info: lessons/lesson02//imgs/22-01-20-img04.jpg  used on input line 57.
(pdftex.def)             Requested size: 247.40115pt x 113.25575pt.

Overfull \hbox (38.34871pt too wide) in paragraph at lines 55--58
 \OT1/cmr/bx/n/10 Def-i-ni-tion[] \OT1/cmr/m/n/10 L^^Wat $\OML/cmm/b/it/10 v$ \OT1/cmr/m/n/10 vara en vek-tor och L en linje. $[]$
 []

[6 <./lessons/lesson02//imgs/22-01-20-img03.jpg> <./lessons/lesson02//imgs/22-01-20-img04.jpg>]
<lessons/lesson02//imgs/22-01-20-img05.jpg, id=50, 1710.39pt x 1078.0275pt>
File: lessons/lesson02//imgs/22-01-20-img05.jpg Graphic file (type jpg)
<use lessons/lesson02//imgs/22-01-20-img05.jpg>
Package pdftex.def Info: lessons/lesson02//imgs/22-01-20-img05.jpg  used on input line 76.
(pdftex.def)             Requested size: 102.61897pt x 64.67885pt.

Underfull \hbox (badness 10000) in paragraph at lines 79--82

 []

<lessons/lesson02//imgs/22-01-20-img06.jpg, id=51, 1366.35469pt x 797.98125pt>
File: lessons/lesson02//imgs/22-01-20-img06.jpg Graphic file (type jpg)
<use lessons/lesson02//imgs/22-01-20-img06.jpg>
Package pdftex.def Info: lessons/lesson02//imgs/22-01-20-img06.jpg  used on input line 90.
(pdftex.def)             Requested size: 204.94435pt x 119.69202pt.
<lessons/lesson02//imgs/22-01-20-img07.jpg, id=52, 1361.085pt x 580.41844pt>
File: lessons/lesson02//imgs/22-01-20-img07.jpg Graphic file (type jpg)
<use lessons/lesson02//imgs/22-01-20-img07.jpg>
Package pdftex.def Info: lessons/lesson02//imgs/22-01-20-img07.jpg  used on input line 92.
(pdftex.def)             Requested size: 204.15395pt x 87.059pt.
[7 <./lessons/lesson02//imgs/22-01-20-img05.jpg> <./lessons/lesson02//imgs/22-01-20-img06.jpg> <./lessons/lesson02//imgs/22-01-20-img07.jpg>]
<lessons/lesson02//imgs/22-01-20-img08.jpg, id=58, 1429.59094pt x 867.24pt>
File: lessons/lesson02//imgs/22-01-20-img08.jpg Graphic file (type jpg)
<use lessons/lesson02//imgs/22-01-20-img08.jpg>
Package pdftex.def Info: lessons/lesson02//imgs/22-01-20-img08.jpg  used on input line 104.
(pdftex.def)             Requested size: 171.5435pt x 104.0643pt.
<lessons/lesson02//imgs/22-01-20-img09.jpg, id=59, 1182.66844pt x 1204.5pt>
File: lessons/lesson02//imgs/22-01-20-img09.jpg Graphic file (type jpg)
<use lessons/lesson02//imgs/22-01-20-img09.jpg>
Package pdftex.def Info: lessons/lesson02//imgs/22-01-20-img09.jpg  used on input line 114.
(pdftex.def)             Requested size: 82.79524pt x 84.32361pt.

Underfull \hbox (badness 4403) in paragraph at lines 109--115
\OT1/cmr/m/n/10 Vektorprodukten (krysspro-duk-ten) av dem ^^?ar vek-torn $\OML/cmm/b/it/10 u \U/MnSymbolC/m/n/10 ^^U \OML/cmm/b/it/10 v$ \OT1/cmr/m/n/10 s^^Wa att
 []

) (./lessons/lesson03/lesson03.tex [8

 <./lessons/lesson02//imgs/22-01-20-img08.jpg> <./lessons/lesson02//imgs/22-01-20-img09.jpg>]
Chapter 2.
<lessons/lesson03//imgs/22-01-24img01.jpg, id=63, 643.6547pt x 398.23781pt>
File: lessons/lesson03//imgs/22-01-24img01.jpg Graphic file (type jpg)
<use lessons/lesson03//imgs/22-01-24img01.jpg>
Package pdftex.def Info: lessons/lesson03//imgs/22-01-24img01.jpg  used on input line 20.
(pdftex.def)             Requested size: 160.91327pt x 99.5592pt.
[9

 <./lessons/lesson03//imgs/22-01-24img01.jpg>] [10

] [11

]
Chapter 3.
<lessons/lesson03//imgs/22-01-24img02.jpg, id=73, 548.0475pt x 314.67563pt>
File: lessons/lesson03//imgs/22-01-24img02.jpg Graphic file (type jpg)
<use lessons/lesson03//imgs/22-01-24img02.jpg>
Package pdftex.def Info: lessons/lesson03//imgs/22-01-24img02.jpg  used on input line 100.
(pdftex.def)             Requested size: 137.01154pt x 78.6687pt.

Overfull \hbox (2.35793pt too wide) in paragraph at lines 107--109
 \OT1/cmr/bx/n/10 Def-i-ni-tion[] \OT1/cmr/m/n/10 En linje best^^?ams av en punkt $\OML/cmm/m/it/10 P[]$ \OT1/cmr/m/n/10 och en rik-t-ningsvek-tor $\OML/cmm/b/it/10 v$\OT1/cmr/m/n/10 . Samtliga
 []

) (./lessons/lesson04/lesson04.tex
Overfull \hbox (17.07574pt too wide) in paragraph at lines 1--3
 \OT1/cmr/bx/n/10 Def-i-ni-tion[] \OT1/cmr/m/n/10 En linje beskriven p^^Wa for-men $[] \U/MnSymbolD/m/n/10 ^^@ \OML/cmm/m/it/10 P[] \U/MnSymbolC/m/n/10 ^^T \OML/cmm/m/it/10 t\OML/cmm/b/it/10 v$ \OT1/cmr/m/n/10 s^^?ags vara p^^Wa $[]$.
 []

[12

 <./lessons/lesson03//imgs/22-01-24img02.jpg>] [13]
Chapter 4.
<lessons/lesson04//imgs/img01.png, id=81, 640.64343pt x 277.035pt>
File: lessons/lesson04//imgs/img01.png Graphic file (type png)
<use lessons/lesson04//imgs/img01.png>
Package pdftex.def Info: lessons/lesson04//imgs/img01.png  used on input line 37.
(pdftex.def)             Requested size: 192.1945pt x 83.11113pt.
<lessons/lesson04//imgs/img02.png, id=83, 368.87813pt x 179.16937pt>
File: lessons/lesson04//imgs/img02.png Graphic file (type png)
<use lessons/lesson04//imgs/img02.png>
Package pdftex.def Info: lessons/lesson04//imgs/img02.png  used on input line 62.
(pdftex.def)             Requested size: 184.4386pt x 89.58446pt.
[14

 <./lessons/lesson04//imgs/img01.png> <./lessons/lesson04//imgs/img02.png>]) [15] (./lessons/lesson05/lesson05.tex [16]
Chapter 5.

Overfull \hbox (26.86838pt too wide) in paragraph at lines 48--62
\OT1/cmr/m/n/10 Vi definierar pro-duk-ten av A och B genom $\OML/cmm/m/it/10 AB \U/MnSymbolD/m/n/10 ^^@ \OML/cmm/m/it/10 A [] \U/MnSymbolD/m/n/10 ^^@ []$ 
 []

[17

]
<lessons/lesson05//imgs/22-01-31-img01.png, id=99, 1036.62282pt x 286.82156pt>
File: lessons/lesson05//imgs/22-01-31-img01.png Graphic file (type png)
<use lessons/lesson05//imgs/22-01-31-img01.png>
Package pdftex.def Info: lessons/lesson05//imgs/22-01-31-img01.png  used on input line 80.
(pdftex.def)             Requested size: 310.98924pt x 86.04712pt.
<lessons/lesson05//imgs/22-01-31-img02.png, id=100, 1062.21844pt x 325.96782pt>
File: lessons/lesson05//imgs/22-01-31-img02.png Graphic file (type png)
<use lessons/lesson05//imgs/22-01-31-img02.png>
Package pdftex.def Info: lessons/lesson05//imgs/22-01-31-img02.png  used on input line 83.
(pdftex.def)             Requested size: 318.66798pt x 97.79109pt.

Underfull \hbox (badness 10000) in paragraph at lines 77--84

 []

[18 <./lessons/lesson05//imgs/22-01-31-img01.png> <./lessons/lesson05//imgs/22-01-31-img02.png>] [19]
Chapter 6.

Underfull \hbox (badness 10000) in paragraph at lines 117--128

 []

<lessons/lesson05//imgs/22-01-31-img04.png, id=112, 622.57594pt x 159.59625pt>
File: lessons/lesson05//imgs/22-01-31-img04.png Graphic file (type png)
<use lessons/lesson05//imgs/22-01-31-img04.png>
Package pdftex.def Info: lessons/lesson05//imgs/22-01-31-img04.png  used on input line 132.
(pdftex.def)             Requested size: 311.2872pt x 79.79791pt.
[20

 <./lessons/lesson05//imgs/22-01-31-img04.png>]) (./lessons/lesson06/lesson06.tex
<lessons/lesson06//imgs/22-02-07img01.png, id=117, 183.68625pt x 146.04562pt>
File: lessons/lesson06//imgs/22-02-07img01.png Graphic file (type png)
<use lessons/lesson06//imgs/22-02-07img01.png>
Package pdftex.def Info: lessons/lesson06//imgs/22-02-07img01.png  used on input line 10.
(pdftex.def)             Requested size: 91.84288pt x 73.02261pt.
 [21 <./lessons/lesson06//imgs/22-02-07img01.png>] [22]
Chapter 7.

Underfull \hbox (badness 10000) in paragraph at lines 74--83

 []

[23

] [24]
Chapter 8.
) (./lessons/lesson07/lesson07.tex [25

]
Underfull \hbox (badness 10000) in paragraph at lines 8--13

 []

<lessons/lesson07//imgs/img01.png, id=135, 948.54375pt x 483.30562pt>
File: lessons/lesson07//imgs/img01.png Graphic file (type png)
<use lessons/lesson07//imgs/img01.png>
Package pdftex.def Info: lessons/lesson07//imgs/img01.png  used on input line 29.
(pdftex.def)             Requested size: 341.47548pt x 173.98988pt.
[26 <./lessons/lesson07//imgs/img01.png>]
<lessons/lesson07//imgs/img02.png, id=140, 530.73282pt x 492.33937pt>
File: lessons/lesson07//imgs/img02.png Graphic file (type png)
<use lessons/lesson07//imgs/img02.png>
Package pdftex.def Info: lessons/lesson07//imgs/img02.png  used on input line 59.
(pdftex.def)             Requested size: 212.28937pt x 196.93225pt.
 [27 <./lessons/lesson07//imgs/img02.png>]
<lessons/lesson07//imgs/img03.png, id=145, 372.64218pt x 184.43906pt>
File: lessons/lesson07//imgs/img03.png Graphic file (type png)
<use lessons/lesson07//imgs/img03.png>
Package pdftex.def Info: lessons/lesson07//imgs/img03.png  used on input line 76.
(pdftex.def)             Requested size: 130.42671pt x 64.55463pt.
<lessons/lesson07//imgs/img04.png, id=146, 449.42906pt x 243.15843pt>
File: lessons/lesson07//imgs/img04.png Graphic file (type png)
<use lessons/lesson07//imgs/img04.png>
Package pdftex.def Info: lessons/lesson07//imgs/img04.png  used on input line 102.
(pdftex.def)             Requested size: 134.82974pt x 72.94809pt.
 [28 <./lessons/lesson07//imgs/img03.png> <./lessons/lesson07//imgs/img04.png>]
Chapter 9.
) (./lessons/lesson08/lesson08.tex [29

]
Underfull \hbox (badness 10000) in paragraph at lines 4--5

 []

<lessons/lesson08//imgs/img01.png, id=155, 269.50688pt x 184.43906pt>
File: lessons/lesson08//imgs/img01.png Graphic file (type png)
<use lessons/lesson08//imgs/img01.png>
Package pdftex.def Info: lessons/lesson08//imgs/img01.png  used on input line 6.
(pdftex.def)             Requested size: 134.7531pt x 92.2193pt.

Underfull \hbox (badness 10000) in paragraph at lines 6--7

 []


Underfull \hbox (badness 10000) in paragraph at lines 31--36

 []


Underfull \hbox (badness 10000) in paragraph at lines 37--38

 []

<lessons/lesson08//imgs/img02.png, id=156, 242.40562pt x 169.38281pt>
File: lessons/lesson08//imgs/img02.png Graphic file (type png)
<use lessons/lesson08//imgs/img02.png>
Package pdftex.def Info: lessons/lesson08//imgs/img02.png  used on input line 39.
(pdftex.def)             Requested size: 121.2025pt x 84.6912pt.

Underfull \hbox (badness 10000) in paragraph at lines 54--55

 []


Overfull \hbox (16.02295pt too wide) detected at line 70
\OML/cmm/m/it/10 RP \U/MnSymbolD/m/n/10 ^^@ [] [] [] ^^@ [] []
 []

[30

 <./lessons/lesson08//imgs/img01.png> <./lessons/lesson08//imgs/img02.png>]
Chapter 10.
<lessons/lesson08//imgs/img03.png, id=163, 237.88875pt x 295.85532pt>
File: lessons/lesson08//imgs/img03.png Graphic file (type png)
<use lessons/lesson08//imgs/img03.png>
Package pdftex.def Info: lessons/lesson08//imgs/img03.png  used on input line 76.
(pdftex.def)             Requested size: 95.15381pt x 118.34003pt.

Underfull \hbox (badness 10000) in paragraph at lines 79--83

 []

<lessons/lesson08//imgs/img04.png, id=164, 580.41844pt x 155.83218pt>
File: lessons/lesson08//imgs/img04.png Graphic file (type png)
<use lessons/lesson08//imgs/img04.png>
Package pdftex.def Info: lessons/lesson08//imgs/img04.png  used on input line 87.
(pdftex.def)             Requested size: 290.20851pt x 77.9159pt.
[31

 <./lessons/lesson08//imgs/img03.png> <./lessons/lesson08//imgs/img04.png>]
<lessons/lesson08//imgs/img05.png, id=171, 1428.83812pt x 317.68687pt>
File: lessons/lesson08//imgs/img05.png Graphic file (type png)
<use lessons/lesson08//imgs/img05.png>
Package pdftex.def Info: lessons/lesson08//imgs/img05.png  used on input line 104.
(pdftex.def)             Requested size: 285.76256pt x 63.53624pt.
 [32

 <./lessons/lesson08//imgs/img05.png>]
Chapter 11.
<lessons/lesson08//imgs/img06.png, id=176, 672.26157pt x 186.6975pt>
File: lessons/lesson08//imgs/img06.png Graphic file (type png)
<use lessons/lesson08//imgs/img06.png>
Package pdftex.def Info: lessons/lesson08//imgs/img06.png  used on input line 116.
(pdftex.def)             Requested size: 336.12996pt x 93.34851pt.
[33

 <./lessons/lesson08//imgs/img06.png>]
Chapter 12.
[34

]
Underfull \hbox (badness 10000) in paragraph at lines 185--191

 []


Underfull \hbox (badness 10000) in paragraph at lines 185--191

 []


Overfull \hbox (39.7503pt too wide) in paragraph at lines 185--191
\OT1/cmr/m/n/10 En vek-tor p^^Wa formeln $\OML/cmm/m/it/10 a[]\OML/cmm/b/it/10 v[] \U/MnSymbolC/m/n/10 ^^T \OML/cmm/m/it/10 a[]\OML/cmm/b/it/10 v[] \U/MnSymbolC/m/n/10 ^^T [] ^^T \OML/cmm/m/it/10 a[]\OML/cmm/b/it/10 v[]$ \OT1/cmr/m/n/10 ^^?ar en $[]$.
 []

) (./lessons/lesson09/lesson09.tex [35

]
Underfull \hbox (badness 10000) in paragraph at lines 63--64

 []

<lessons/lesson09//imgs/img01.png, id=188, 535.2497pt x 433.62pt>
File: lessons/lesson09//imgs/img01.png Graphic file (type png)
<use lessons/lesson09//imgs/img01.png>
Package pdftex.def Info: lessons/lesson09//imgs/img01.png  used on input line 94.
(pdftex.def)             Requested size: 107.04803pt x 86.72246pt.
[36] [37 <./lessons/lesson09//imgs/img01.png>]
Chapter 13.
[38

]
Overfull \hbox (33.90811pt too wide) in paragraph at lines 177--206
 \OT1/cmr/bx/n/10 L^^?osning[] $[] \U/MnSymbolA/m/n/10 ^^T [] ^^T []\OML/cmm/m/it/10 z \U/MnSymbolD/m/n/10 ^^@ \OML/cmm/m/it/10 t [] \U/MnSymbolA/m/n/10 ^^T
 []

[39

]) (./lessons/lesson10/lesson10.tex [40] [41]
Underfull \hbox (badness 10000) in paragraph at lines 249--254

 []


Underfull \hbox (badness 10000) in paragraph at lines 257--270

 []


Underfull \hbox (badness 10000) in paragraph at lines 271--284

 []


Underfull \hbox (badness 10000) in paragraph at lines 285--298

 []

) (./lessons/lesson11/lesson11.tex [42]
Overfull \hbox (33.91003pt too wide) in paragraph at lines 25--49
 \OT1/cmr/bx/n/10 L^^?osning[] \OT1/cmr/m/n/10 En-g-ligt Prop 5.33 kan vi l^^?osa det ho-mogena sys-temet: $[]$
 []

[43]
<lessons/lesson11//imgs/img01.png, id=217, 400.49625pt x 204.765pt>
File: lessons/lesson11//imgs/img01.png Graphic file (type png)
<use lessons/lesson11//imgs/img01.png>
Package pdftex.def Info: lessons/lesson11//imgs/img01.png  used on input line 82.
(pdftex.def)             Requested size: 176.21889pt x 90.09686pt.
 [44 <./lessons/lesson11//imgs/img01.png>]
<lessons/lesson11//imgs/img02.png, id=222, 367.3725pt x 329.73187pt>
File: lessons/lesson11//imgs/img02.png Graphic file (type png)
<use lessons/lesson11//imgs/img02.png>
Package pdftex.def Info: lessons/lesson11//imgs/img02.png  used on input line 102.
(pdftex.def)             Requested size: 154.29538pt x 138.48643pt.

Overfull \hbox (0.23608pt too wide) in paragraph at lines 123--137
[]$\OML/cmm/m/it/10 A[]A \U/MnSymbolD/m/n/10 ^^@ [] [] ^^@ []$ 
 []

[45

 <./lessons/lesson11//imgs/img02.png>]
Chapter 14.

Overfull \hbox (16.13402pt too wide) detected at line 198
\OML/cmm/m/it/10 det\OMX/MnSymbolE/m/n/10 à\OML/cmm/b/it/10 a[][] [] []\OML/cmm/m/it/10 b\OML/cmm/b/it/10 a[] \U/MnSymbolC/m/n/10 ^^T \OML/cmm/m/it/10 c[][] [] []\OML/cmm/b/it/10 a[] \U/MnSymbolD/m/n/10 ^^@ \OML/cmm/m/it/10 bdet\OMX/MnSymbolE/m/n/10 à\OML/cmm/b/it/10 a[][] [] []a[][] [] []a[] \U/MnSymbolC/m/n/10 ^^T \OML/cmm/m/it/10 cdet\OMX/MnSymbolE/m/n/10 à\OML/cmm/b/it/10 a[][] [] [][][] [] []a[]\OMX/MnSymbolE/m/n/10 ç
 []


Overfull \hbox (2.98785pt too wide) in paragraph at lines 217--219
 \OT1/cmr/bx/n/10 Sats 6.5[] \OT1/cmr/m/n/10 An-tag att $\OML/cmm/m/it/10 A$ \OT1/cmr/m/n/10 ^^?ar ^^?over- eller un-der-tri-an-gul^^?ar (dvs bara nol-lor ovan/under
 []


Overfull \hbox (28.92859pt too wide) in paragraph at lines 226--250
 \OT1/cmr/bx/n/10 L^^?osning[] $\OML/cmm/m/it/10 det\OMX/MnSymbolE/m/n/10 à\OML/cmm/m/it/10 A\OMX/MnSymbolE/m/n/10 ç \U/MnSymbolD/m/n/10 ^^@ [] ^^@ [] ^^@ [] ^^@
 []

[46

]) (./lessons/lesson12/lesson12.tex [47]
Overfull \hbox (8.20638pt too wide) in paragraph at lines 16--18
\OML/cmm/m/it/10 det\OMX/MnSymbolE/m/n/10 à\OML/cmm/m/it/10 A\OMX/MnSymbolE/m/n/10 ç \U/MnSymbolD/m/n/10 ^^@ \OMX/MnSymbolE/m/n/10 à\U/MnSymbolC/m/n/10 ^^P\OT1/cmr/m/n/10 1\OMX/MnSymbolE/m/n/10 ç[]\OML/cmm/m/it/10 a[]det\OMX/MnSymbolE/m/n/10 à\OML/cmm/m/it/10 A[]\OMX/MnSymbolE/m/n/10 ç \U/MnSymbolC/m/n/10 ^^T \OMX/MnSymbolE/m/n/10 à\U/MnSymbolC/m/n/10 ^^P\OT1/cmr/m/n/10 1\OMX/MnSymbolE/m/n/10 ç[]\OML/cmm/m/it/10 a[]det\OMX/MnSymbolE/m/n/10 à\OML/cmm/m/it/10 A[]\OMX/MnSymbolE/m/n/10 ç \U/MnSymbolC/m/n/10 ^^T [] ^^T \OMX/MnSymbolE/m/n/10 à\U/MnSymbolC/m/n/10 ^^P\OT1/cmr/m/n/10 1\OMX/MnSymbolE/m/n/10 ç[]\OML/cmm/m/it/10 det\OMX/MnSymbolE/m/n/10 à\OML/cmm/m/it/10 A[]\OMX/MnSymbolE/m/n/10 ç$ 
 []


Overfull \hbox (25.73076pt too wide) in paragraph at lines 18--20
\OML/cmm/m/it/10 det\OMX/MnSymbolE/m/n/10 à\OML/cmm/m/it/10 A\OMX/MnSymbolE/m/n/10 ç \U/MnSymbolD/m/n/10 ^^@ \OMX/MnSymbolE/m/n/10 à\U/MnSymbolC/m/n/10 ^^P\OT1/cmr/m/n/10 1\OMX/MnSymbolE/m/n/10 ç[]\OML/cmm/m/it/10 a[]det\OMX/MnSymbolE/m/n/10 à\OML/cmm/m/it/10 A[]\OMX/MnSymbolE/m/n/10 ç \U/MnSymbolC/m/n/10 ^^T \OMX/MnSymbolE/m/n/10 à\U/MnSymbolC/m/n/10 ^^P\OT1/cmr/m/n/10 1\OMX/MnSymbolE/m/n/10 ç[]\OML/cmm/m/it/10 a[]det\OMX/MnSymbolE/m/n/10 à\OML/cmm/m/it/10 A[]\OMX/MnSymbolE/m/n/10 ç \U/MnSymbolC/m/n/10 ^^T [] ^^T \OMX/MnSymbolE/m/n/10 à\U/MnSymbolC/m/n/10 ^^P\OT1/cmr/m/n/10 1\OMX/MnSymbolE/m/n/10 ç[]\OML/cmm/m/it/10 a[]det\OMX/MnSymbolE/m/n/10 à\OML/cmm/m/it/10 A[]\OMX/MnSymbolE/m/n/10 ç$ 
 []

[48

]
Chapter 15.

Overfull \hbox (12.24089pt too wide) in paragraph at lines 71--73
 \OT1/cmr/bx/n/10 Propo-si-tion 7.6[] \OT1/cmr/m/n/10 L^^Wat $\OML/cmm/b/it/10 v[]\OML/cmm/m/it/10 ; \OML/cmm/b/it/10 v[]\OML/cmm/m/it/10 ; [] ; \OML/cmm/b/it/10 v[]$ \OT1/cmr/m/n/10 vara vek-torer i $\U/msb/m/n/10 R[]$\OT1/cmr/m/n/10 . Vek-tor-erna $\OML/cmm/b/it/10 v[]\OML/cmm/m/it/10 ; \OML/cmm/b/it/10 v[]\OML/cmm/m/it/10 ; [] ; \OML/cmm/b/it/10 v[]$
 []

[49

]
Overfull \hbox (6.45596pt too wide) detected at line 87
\OML/cmm/m/it/10 det [] \U/MnSymbolD/m/n/10 ^^@ \OT1/cmr/m/n/10 1 \U/MnSymbolC/m/n/10 ^^@ [] ^^P \OT1/cmr/m/n/10 4 \U/MnSymbolC/m/n/10 ^^@ [] ^^T \OT1/cmr/m/n/10 7 [] \U/MnSymbolD/m/n/10 ^^@ \OMX/MnSymbolE/m/n/10 à\OT1/cmr/m/n/10 15 \U/MnSymbolC/m/n/10 ^^P \OT1/cmr/m/n/10 64\OMX/MnSymbolE/m/n/10 ç \U/MnSymbolC/m/n/10 ^^P \OT1/cmr/m/n/10 4\OMX/MnSymbolE/m/n/10 à\OT1/cmr/m/n/10 6 \U/MnSymbolC/m/n/10 ^^P \OT1/cmr/m/n/10 24\OMX/MnSymbolE/m/n/10 ç \U/MnSymbolC/m/n/10 ^^T \OT1/cmr/m/n/10 7\OMX/MnSymbolE/m/n/10 à\OT1/cmr/m/n/10 16 \U/MnSymbolC/m/n/10 ^^P \OT1/cmr/m/n/10 15\OMX/MnSymbolE/m/n/10 ç \U/MnSymbolD/m/n/10 ^^@ \OT1/cmr/m/n/10 34 \U/MnSymbolD/m/n/10 x \OT1/cmr/m/n/10 0
 []


Overfull \hbox (11.55902pt too wide) in paragraph at lines 108--111
[]$\OML/cmm/b/it/10 e[]\OML/cmm/m/it/10 ; \OML/cmm/b/it/10 e[]\OML/cmm/m/it/10 ; [] ; \OML/cmm/b/it/10 e[]$ \OT1/cmr/m/n/10 ^^?ar linj^^?art oberoende ty ek-va-tion-ssytemet $[] \OML/cmm/b/it/10 x \U/MnSymbolD/m/n/10 ^^@
 []

) (./lessons/lesson13/lesson13.tex [50]
Overfull \hbox (107.57953pt too wide) detected at line 92
[] [] [] [] [] [] [] [] [] \U/MnSymbolA/m/n/10 ^^T []
 []

[51]
Overfull \hbox (4.44621pt too wide) in paragraph at lines 107--107
[]\OT1/cmr/bx/n/14.4 Linj^^?ara av-bild-ningar och bas-byten (Avs 7.3) 
 []

[52]
<lessons/lesson13//imgs/img01.png, id=251, 195.73125pt x 179.92218pt>
File: lessons/lesson13//imgs/img01.png Graphic file (type png)
<use lessons/lesson13//imgs/img01.png>
Package pdftex.def Info: lessons/lesson13//imgs/img01.png  used on input line 137.
(pdftex.def)             Requested size: 156.58519pt x 143.93793pt.

Underfull \hbox (badness 10000) in paragraph at lines 131--138
\OT1/cmr/m/n/10 f^^?or pro-jek-tio-nen i stan-dard-basen? L^^Wat $\OML/cmm/m/it/10 P$ \OT1/cmr/m/n/10 vara pro-jek-tio-nen.
 []

[53

 <./lessons/lesson13//imgs/img01.png>] [54]
Chapter 16.
) (./lessons/lesson14/lesson14.tex [55

] [56

] [57

]) (./lessons/lesson15/lesson15.tex [58] [59

]
Underfull \hbox (badness 10000) in paragraph at lines 94--99

 []

[60

]
Chapter 17.
<lessons/lesson15//imgs/img01.png, id=279, 831.105pt x 742.775pt>
File: lessons/lesson15//imgs/img01.png Graphic file (type png)
<use lessons/lesson15//imgs/img01.png>
Package pdftex.def Info: lessons/lesson15//imgs/img01.png  used on input line 140.
(pdftex.def)             Requested size: 207.77574pt x 185.69328pt.
<lessons/lesson15//imgs/img02.png, id=280, 2481.27pt x 658.46pt>
File: lessons/lesson15//imgs/img02.png Graphic file (type png)
<use lessons/lesson15//imgs/img02.png>
Package pdftex.def Info: lessons/lesson15//imgs/img02.png  used on input line 148.
(pdftex.def)             Requested size: 322.57643pt x 85.6028pt.

Overfull \hbox (0.93646pt too wide) in paragraph at lines 147--150
[] \OT1/cmr/m/n/10 I rik-
 []

[61

 <./lessons/lesson15//imgs/img01.png> <./lessons/lesson15//imgs/img02.png>]
Overfull \hbox (3.63959pt too wide) in paragraph at lines 155--156
[]\OT1/cmr/m/n/10 Om det finns en v^^?ag mel-lan alla noder d^^Wa s^^?ags grafen vara $[]$ 
 []

[62]
Chapter 18.
<lessons/lesson15//imgs/img03.png, id=287, 2404.985pt x 566.115pt>
File: lessons/lesson15//imgs/img03.png Graphic file (type png)
<use lessons/lesson15//imgs/img03.png>
Package pdftex.def Info: lessons/lesson15//imgs/img03.png  used on input line 179.
(pdftex.def)             Requested size: 336.6956pt x 79.25555pt.
[63

 <./lessons/lesson15//imgs/img03.png>]
Chapter 19.

Underfull \hbox (badness 10000) in paragraph at lines 200--206

 []

) [64

] (./TMV206.aux) ) 
Here is how much of TeX's memory you used:
 5916 strings out of 478287
 91864 string characters out of 5850749
 374687 words of memory out of 5000000
 23894 multiletter control sequences out of 15000+600000
 511602 words of font info for 171 fonts, out of 8000000 for 9000
 1141 hyphenation exceptions out of 8191
 55i,15n,62p,426b,282s stack positions out of 5000i,500n,10000p,200000b,80000s
{c:/texlive/2021/texmf-dist/fonts/enc/dvips/mnsymbol/MnSymbolD.enc}{c:/texlive/2021/texmf-dist/fonts/enc/dvips/mnsymbol/MnSymbolC.enc}{c:/texlive/2021/texmf-dist/fonts/enc/dvips/mnsymbol/MnSymbolF.enc}{c:/texlive/2021/texmf-dist/fonts/enc/dvips/mnsymbol/MnSymbolA.enc}{c:/texlive/2021/texmf-dist/fonts/enc/dvips/cm-super/cm-super-ts1.enc}{c:/texlive/2021/texmf-dist/fonts/enc/dvips/mnsymbol/MnSymbolE.enc}<c:/texlive/2021/texmf-dist/fonts/type1/public/mnsymbol/MnSymbol-Bold10.pfb><c:/texlive/2021/texmf-dist/fonts/type1/public/mnsymbol/MnSymbol10.pfb><c:/texlive/2021/texmf-dist/fonts/type1/public/mnsymbol/MnSymbol5.pfb><c:/texlive/2021/texmf-dist/fonts/type1/public/mnsymbol/MnSymbol7.pfb><c:/texlive/2021/texmf-dist/fonts/type1/public/amsfonts/cm/cmbx10.pfb><c:/texlive/2021/texmf-dist/fonts/type1/public/amsfonts/cm/cmbx12.pfb><c:/texlive/2021/texmf-dist/fonts/type1/public/amsfonts/cm/cmbx7.pfb><c:/texlive/2021/texmf-dist/fonts/type1/public/amsfonts/cm/cmmi10.pfb><c:/texlive/2021/texmf-dist/fonts/type1/public/amsfonts/cm/cmmi12.pfb><c:/texlive/2021/texmf-dist/fonts/type1/public/amsfonts/cm/cmmi5.pfb><c:/texlive/2021/texmf-dist/fonts/type1/public/amsfonts/cm/cmmi7.pfb><c:/texlive/2021/texmf-dist/fonts/type1/public/amsfonts/cm/cmmib10.pfb><c:/texlive/2021/texmf-dist/fonts/type1/public/amsfonts/cmextra/cmmib5.pfb><c:/texlive/2021/texmf-dist/fonts/type1/public/amsfonts/cmextra/cmmib7.pfb><c:/texlive/2021/texmf-dist/fonts/type1/public/amsfonts/cm/cmr10.pfb><c:/texlive/2021/texmf-dist/fonts/type1/public/amsfonts/cm/cmr12.pfb><c:/texlive/2021/texmf-dist/fonts/type1/public/amsfonts/cm/cmr17.pfb><c:/texlive/2021/texmf-dist/fonts/type1/public/amsfonts/cm/cmr5.pfb><c:/texlive/2021/texmf-dist/fonts/type1/public/amsfonts/cm/cmr7.pfb><c:/texlive/2021/texmf-dist/fonts/type1/public/amsfonts/cm/cmsy10.pfb><c:/texlive/2021/texmf-dist/fonts/type1/public/amsfonts/symbols/msbm10.pfb><c:/texlive/2021/texmf-dist/fonts/type1/public/cm-super/sfrm1000.pfb>
Output written on TMV206.pdf (65 pages, 5891171 bytes).
PDF statistics:
 408 PDF objects out of 1000 (max. 8388607)
 232 compressed objects within 3 object streams
 0 named destinations out of 1000 (max. 500000)
 176 words of extra memory for PDF output out of 10000 (max. 10000000)

